<?xml version="1.0" encoding="UTF-8"?>
<!-- Generated by org.testng.reporters.JUnitReportReporter -->
<testsuite hostname="ADITYA123" failures="0" tests="3" name="flipkartTest" time="134.084" errors="0" timestamp="2025-10-29T15:51:11 IST" skipped="0">
  <testcase classname="flipkartTest" name="Flipkarttest1" time="68.491"/>
  <testcase classname="flipkartTest" name="Flipkarttest1" time="38.793"/>
  <testcase classname="flipkartTest" name="Flipkarttest1" time="26.800"/>
</testsuite> <!-- flipkartTest -->
