<?xml version="1.0" encoding="UTF-8"?>
<!-- Generated by org.testng.reporters.JUnitXMLReporter -->
<testsuite ignored="0" hostname="ADITYA123" failures="0" tests="3" name="Default test" time="134.965" errors="0" timestamp="2025-10-29T15:51:10 IST">
  <testcase classname="flipkartTest" name="Flipkarttest1" time="68.491"/>
  <testcase classname="flipkartTest" name="Flipkarttest1" time="38.793"/>
  <testcase classname="flipkartTest" name="Flipkarttest1" time="26.8"/>
</testsuite> <!-- Default test -->
